This is pdfTeX, Version 3.1415926-2.3-1.40.12 (MiKTeX 2.9) (preloaded format=pdflatex 2012.4.17)  16 JUN 2013 22:36
entering extended mode
**cased_itspic.tex
(D:\libs\ipgm\samples\itspic\paper\sbc\cased_itspic.tex
LaTeX2e <2011/06/27>
Babel <v3.8m> and hyphenation patterns for english, afrikaans, ancientgreek, ar
abic, armenian, assamese, basque, bengali, bokmal, bulgarian, catalan, coptic, 
croatian, czech, danish, dutch, esperanto, estonian, farsi, finnish, french, ga
lician, german, german-x-2009-06-19, greek, gujarati, hindi, hungarian, iceland
ic, indonesian, interlingua, irish, italian, kannada, kurmanji, lao, latin, lat
vian, lithuanian, malayalam, marathi, mongolian, mongolianlmc, monogreek, ngerm
an, ngerman-x-2009-06-19, nynorsk, oriya, panjabi, pinyin, polish, portuguese, 
romanian, russian, sanskrit, serbian, slovak, slovenian, spanish, swedish, swis
sgerman, tamil, telugu, turkish, turkmen, ukenglish, ukrainian, uppersorbian, u
senglishmax, welsh, loaded.
("D:\ProgramFiles\MikTex 2.9\tex\latex\base\article.cls"
Document Class: article 2007/10/19 v1.4h Standard LaTeX document class
("D:\ProgramFiles\MikTex 2.9\tex\latex\base\size12.clo"
File: size12.clo 2007/10/19 v1.4h Standard LaTeX file (size option)
)
\c@part=\count79
\c@section=\count80
\c@subsection=\count81
\c@subsubsection=\count82
\c@paragraph=\count83
\c@subparagraph=\count84
\c@figure=\count85
\c@table=\count86
\abovecaptionskip=\skip41
\belowcaptionskip=\skip42
\bibindent=\dimen102
)
(D:\libs\ipgm\samples\itspic\paper\sbc\sbc-template.sty
Package: sbc-template 2001/06/09

("D:\ProgramFiles\MikTex 2.9\tex\latex\geometry\geometry.sty"
Package: geometry 2010/09/12 v5.6 Page Geometry

("D:\ProgramFiles\MikTex 2.9\tex\latex\graphics\keyval.sty"
Package: keyval 1999/03/16 v1.13 key=value parser (DPC)
\KV@toks@=\toks14
)
("D:\ProgramFiles\MikTex 2.9\tex\generic\oberdiek\ifpdf.sty"
Package: ifpdf 2011/01/30 v2.3 Provides the ifpdf switch (HO)
Package ifpdf Info: pdfTeX in PDF mode is detected.
)
("D:\ProgramFiles\MikTex 2.9\tex\generic\oberdiek\ifvtex.sty"
Package: ifvtex 2010/03/01 v1.5 Switches for detecting VTeX and its modes (HO)
Package ifvtex Info: VTeX not detected.
)
("D:\ProgramFiles\MikTex 2.9\tex\generic\ifxetex\ifxetex.sty"
Package: ifxetex 2010/09/12 v0.6 Provides ifxetex conditional
)
\Gm@cnth=\count87
\Gm@cntv=\count88
\c@Gm@tempcnt=\count89
\Gm@bindingoffset=\dimen103
\Gm@wd@mp=\dimen104
\Gm@odd@mp=\dimen105
\Gm@even@mp=\dimen106
\Gm@layoutwidth=\dimen107
\Gm@layoutheight=\dimen108
\Gm@layouthoffset=\dimen109
\Gm@layoutvoffset=\dimen110
\Gm@dimlist=\toks15

("D:\ProgramFiles\MikTex 2.9\tex\latex\geometry\geometry.cfg"))
(D:\libs\ipgm\samples\itspic\paper\sbc\caption2.sty
Package: caption2 2002/08/03 v2.1 Customising captions (AS)
\captionmargin=\dimen111
\captionwidth=\dimen112
\captionindent=\dimen113
Package caption2 Info: Running in caption2 v2.0 compatibility mode on input lin
e 147.
\captionlinewidth=\dimen114
)
("D:\ProgramFiles\MikTex 2.9\tex\latex\psnfss\times.sty"
Package: times 2005/04/12 PSNFSS-v9.2a (SPQR) 
)
\c@instn=\count90

("D:\ProgramFiles\MikTex 2.9\tex\latex\titlesec\titlesec.sty"
Package: titlesec 2011/12/15 v2.10.0 Sectioning titles
\ttl@box=\box26
\beforetitleunit=\skip43
\aftertitleunit=\skip44
\ttl@plus=\dimen115
\ttl@minus=\dimen116
\ttl@toksa=\toks16
\titlewidth=\dimen117
\titlewidthlast=\dimen118
\titlewidthfirst=\dimen119
))
("D:\ProgramFiles\MikTex 2.9\tex\latex\hyperref\hyperref.sty"
Package: hyperref 2012/02/06 v6.82o Hypertext links for LaTeX

("D:\ProgramFiles\MikTex 2.9\tex\generic\oberdiek\hobsub-hyperref.sty"
Package: hobsub-hyperref 2011/04/23 v1.4 Bundle oberdiek, subset hyperref (HO)

("D:\ProgramFiles\MikTex 2.9\tex\generic\oberdiek\hobsub-generic.sty"
Package: hobsub-generic 2011/04/23 v1.4 Bundle oberdiek, subset generic (HO)
Package: hobsub 2011/04/23 v1.4 Subsetting bundle oberdiek (HO)
Package: infwarerr 2010/04/08 v1.3 Providing info/warning/message (HO)
Package: ltxcmds 2011/04/18 v1.20 LaTeX kernel commands for general use (HO)
Package: ifluatex 2010/03/01 v1.3 Provides the ifluatex switch (HO)
Package ifluatex Info: LuaTeX not detected.
Package hobsub Info: Skipping package `ifvtex' (already loaded).
Package: intcalc 2007/09/27 v1.1 Expandable integer calculations (HO)
Package hobsub Info: Skipping package `ifpdf' (already loaded).
Package: etexcmds 2011/02/16 v1.5 Prefix for e-TeX command names (HO)
Package etexcmds Info: Could not find \expanded.
(etexcmds)             That can mean that you are not using pdfTeX 1.50 or
(etexcmds)             that some package has redefined \expanded.
(etexcmds)             In the latter case, load this package earlier.
Package: kvsetkeys 2011/04/07 v1.13 Key value parser (HO)
Package: kvdefinekeys 2011/04/07 v1.3 Defining keys (HO)
Package: pdftexcmds 2011/04/22 v0.16 Utilities of pdfTeX for LuaTeX (HO)
Package pdftexcmds Info: LuaTeX not detected.
Package pdftexcmds Info: \pdf@primitive is available.
Package pdftexcmds Info: \pdf@ifprimitive is available.
Package pdftexcmds Info: \pdfdraftmode found.
Package: pdfescape 2011/04/04 v1.12 Provides string conversions (HO)
Package: bigintcalc 2011/01/30 v1.2 Expandable big integer calculations (HO)
Package: bitset 2011/01/30 v1.1 Data type bit set (HO)
Package: uniquecounter 2011/01/30 v1.2 Provides unlimited unique counter (HO)
)
Package hobsub Info: Skipping package `hobsub' (already loaded).
Package: letltxmacro 2010/09/02 v1.4 Let assignment for LaTeX macros (HO)
Package: hopatch 2011/01/30 v1.0 Wrapper for package hooks (HO)
Package: xcolor-patch 2011/01/30 xcolor patch
Package: atveryend 2011/04/23 v1.7 Hooks at very end of document (HO)
Package: atbegshi 2011/01/30 v1.15 At begin shipout hook (HO)
Package: refcount 2010/12/01 v3.2 Data extraction from references (HO)
Package: hycolor 2011/01/30 v1.7 Color options of hyperref/bookmark (HO)
)
("D:\ProgramFiles\MikTex 2.9\tex\latex\oberdiek\kvoptions.sty"
Package: kvoptions 2010/12/23 v3.10 Keyval support for LaTeX options (HO)
)
\@linkdim=\dimen120
\Hy@linkcounter=\count91
\Hy@pagecounter=\count92

("D:\ProgramFiles\MikTex 2.9\tex\latex\hyperref\pd1enc.def"
File: pd1enc.def 2012/02/06 v6.82o Hyperref: PDFDocEncoding definition (HO)
)
\Hy@SavedSpaceFactor=\count93

("D:\ProgramFiles\MikTex 2.9\tex\latex\00miktex\hyperref.cfg"
File: hyperref.cfg 2002/06/06 v1.2 hyperref configuration of TeXLive
)
Package hyperref Info: Hyper figures OFF on input line 4046.
Package hyperref Info: Link nesting OFF on input line 4051.
Package hyperref Info: Hyper index ON on input line 4054.
Package hyperref Info: Plain pages OFF on input line 4061.
Package hyperref Info: Backreferencing OFF on input line 4066.
Package hyperref Info: Implicit mode ON; LaTeX internals redefined.
Package hyperref Info: Bookmarks ON on input line 4284.
\c@Hy@tempcnt=\count94

("D:\ProgramFiles\MikTex 2.9\tex\latex\ltxmisc\url.sty"
\Urlmuskip=\muskip10
Package: url 2006/04/12  ver 3.3  Verb mode for urls, etc.
)
LaTeX Info: Redefining \url on input line 4637.
\Fld@menulength=\count95
\Field@Width=\dimen121
\Fld@charsize=\dimen122
Package hyperref Info: Hyper figures OFF on input line 5757.
Package hyperref Info: Link nesting OFF on input line 5762.
Package hyperref Info: Hyper index ON on input line 5765.
Package hyperref Info: backreferencing OFF on input line 5772.
Package hyperref Info: Link coloring OFF on input line 5777.
Package hyperref Info: Link coloring with OCG OFF on input line 5782.
Package hyperref Info: PDF/A mode OFF on input line 5787.
LaTeX Info: Redefining \ref on input line 5827.
LaTeX Info: Redefining \pageref on input line 5831.
\Hy@abspage=\count96
\c@Item=\count97
\c@Hfootnote=\count98
)

Package hyperref Message: Driver (autodetected): hpdftex.

("D:\ProgramFiles\MikTex 2.9\tex\latex\hyperref\hpdftex.def"
File: hpdftex.def 2012/02/06 v6.82o Hyperref driver for pdfTeX
\Fld@listcount=\count99
\c@bookmark@seq@number=\count100

("D:\ProgramFiles\MikTex 2.9\tex\latex\oberdiek\rerunfilecheck.sty"
Package: rerunfilecheck 2011/04/15 v1.7 Rerun checks for auxiliary files (HO)
Package uniquecounter Info: New unique counter `rerunfilecheck' on input line 2
82.
)
\Hy@SectionHShift=\skip45
)
("D:\ProgramFiles\MikTex 2.9\tex\latex\graphics\graphicx.sty"
Package: graphicx 1999/02/16 v1.0f Enhanced LaTeX Graphics (DPC,SPQR)

("D:\ProgramFiles\MikTex 2.9\tex\latex\graphics\graphics.sty"
Package: graphics 2009/02/05 v1.0o Standard LaTeX Graphics (DPC,SPQR)

("D:\ProgramFiles\MikTex 2.9\tex\latex\graphics\trig.sty"
Package: trig 1999/03/16 v1.09 sin cos tan (DPC)
)
("D:\ProgramFiles\MikTex 2.9\tex\latex\00miktex\graphics.cfg"
File: graphics.cfg 2007/01/18 v1.5 graphics configuration of teTeX/TeXLive
)
Package graphics Info: Driver file: pdftex.def on input line 91.

("D:\ProgramFiles\MikTex 2.9\tex\latex\pdftex-def\pdftex.def"
File: pdftex.def 2011/05/27 v0.06d Graphics/color for pdfTeX
\Gread@gobject=\count101
))
\Gin@req@height=\dimen123
\Gin@req@width=\dimen124
)
("D:\ProgramFiles\MikTex 2.9\tex\latex\multirow\multirow.sty"
\bigstrutjot=\dimen125
)
("D:\ProgramFiles\MikTex 2.9\tex\latex\base\inputenc.sty"
Package: inputenc 2008/03/30 v1.1d Input encoding file
\inpenc@prehook=\toks17
\inpenc@posthook=\toks18

("D:\ProgramFiles\MikTex 2.9\tex\latex\base\latin1.def"
File: latin1.def 2008/03/30 v1.1d Input encoding file
))
(D:\libs\ipgm\samples\itspic\paper\sbc\cased_itspic.aux)
LaTeX Font Info:    Checking defaults for OML/cmm/m/it on input line 25.
LaTeX Font Info:    ... okay on input line 25.
LaTeX Font Info:    Checking defaults for T1/cmr/m/n on input line 25.
LaTeX Font Info:    ... okay on input line 25.
LaTeX Font Info:    Checking defaults for OT1/cmr/m/n on input line 25.
LaTeX Font Info:    ... okay on input line 25.
LaTeX Font Info:    Checking defaults for OMS/cmsy/m/n on input line 25.
LaTeX Font Info:    ... okay on input line 25.
LaTeX Font Info:    Checking defaults for OMX/cmex/m/n on input line 25.
LaTeX Font Info:    ... okay on input line 25.
LaTeX Font Info:    Checking defaults for U/cmr/m/n on input line 25.
LaTeX Font Info:    ... okay on input line 25.
LaTeX Font Info:    Checking defaults for PD1/pdf/m/n on input line 25.
LaTeX Font Info:    ... okay on input line 25.
LaTeX Font Info:    Try loading font information for OT1+ptm on input line 25.

("D:\ProgramFiles\MikTex 2.9\tex\latex\psnfss\ot1ptm.fd"
File: ot1ptm.fd 2001/06/04 font definitions for OT1/ptm.
)
*geometry* driver: auto-detecting
*geometry* detected driver: pdftex
*geometry* verbose mode - [ preamble ] result:
* driver: pdftex
* paper: a4paper
* layout: <same size as paper>
* layoutoffset:(h,v)=(0.0pt,0.0pt)
* modes: 
* h-part:(L,W,R)=(85.35826pt, 426.79135pt, 85.35826pt)
* v-part:(T,H,B)=(99.58464pt, 674.33032pt, 71.13188pt)
* \paperwidth=597.50787pt
* \paperheight=845.04684pt
* \textwidth=426.79135pt
* \textheight=674.33032pt
* \oddsidemargin=13.08827pt
* \evensidemargin=13.08827pt
* \topmargin=-9.68535pt
* \headheight=12.0pt
* \headsep=25.0pt
* \topskip=12.0pt
* \footskip=30.0pt
* \marginparwidth=44.0pt
* \marginparsep=10.0pt
* \columnsep=10.0pt
* \skip\footins=10.8pt plus 4.0pt minus 2.0pt
* \hoffset=0.0pt
* \voffset=0.0pt
* \mag=1000
* \@twocolumnfalse
* \@twosidefalse
* \@mparswitchfalse
* \@reversemarginfalse
* (1in=72.27pt=25.4mm, 1cm=28.453pt)

\AtBeginShipoutBox=\box27
Package hyperref Info: Link coloring OFF on input line 25.
("D:\ProgramFiles\MikTex 2.9\tex\latex\hyperref\nameref.sty"
Package: nameref 2010/04/30 v2.40 Cross-referencing by name of section

("D:\ProgramFiles\MikTex 2.9\tex\generic\oberdiek\gettitlestring.sty"
Package: gettitlestring 2010/12/03 v1.4 Cleanup title references (HO)
)
\c@section@level=\count102
)
LaTeX Info: Redefining \ref on input line 25.
LaTeX Info: Redefining \pageref on input line 25.
LaTeX Info: Redefining \nameref on input line 25.

(D:\libs\ipgm\samples\itspic\paper\sbc\cased_itspic.out)
(D:\libs\ipgm\samples\itspic\paper\sbc\cased_itspic.out)
\@outlinefile=\write3

("D:\ProgramFiles\MikTex 2.9\tex\context\base\supp-pdf.mkii"
[Loading MPS to PDF converter (version 2006.09.02).]
\scratchcounter=\count103
\scratchdimen=\dimen126
\scratchbox=\box28
\nofMPsegments=\count104
\nofMParguments=\count105
\everyMPshowfont=\toks19
\MPscratchCnt=\count106
\MPscratchDim=\dimen127
\MPnumerator=\count107
\makeMPintoPDFobject=\count108
\everyMPtoPDFconversion=\toks20
)
LaTeX Font Info:    Font shape `OT1/ptm/bx/n' in size <16> not available
(Font)              Font shape `OT1/ptm/b/n' tried instead on input line 28.
LaTeX Font Info:    Font shape `OT1/ptm/bx/n' in size <12> not available
(Font)              Font shape `OT1/ptm/b/n' tried instead on input line 28.
LaTeX Font Info:    External font `cmex10' loaded for size
(Font)              <12> on input line 28.
LaTeX Font Info:    External font `cmex10' loaded for size
(Font)              <8> on input line 28.
LaTeX Font Info:    External font `cmex10' loaded for size
(Font)              <6> on input line 28.
LaTeX Font Info:    Try loading font information for OT1+pcr on input line 28.
 ("D:\ProgramFiles\MikTex 2.9\tex\latex\psnfss\ot1pcr.fd"
File: ot1pcr.fd 2001/06/04 font definitions for OT1/pcr.
)
LaTeX Font Info:    Font shape `OT1/ptm/bx/n' in size <13> not available
(Font)              Font shape `OT1/ptm/b/n' tried instead on input line 48.
LaTeX Font Info:    External font `cmex10' loaded for size
(Font)              <7> on input line 50.
LaTeX Font Info:    External font `cmex10' loaded for size
(Font)              <5> on input line 50.

Underfull \hbox (badness 10000) in paragraph at lines 50--50
[][][]\OT1/ptm/m/n/10 Dispon[]vel em: []$\OT1/pcr/m/n/10 http : / / www . real
games . pt / index . php / en / products$[]\OT1/ptm/m/n/10 . Acesso
 []

<images/s_plant.png, id=70, 434.13622pt x 228.16672pt>
File: images/s_plant.png Graphic file (type png)

<use images/s_plant.png>
Package pdftex.def Info: images/s_plant.png used on input line 56.
(pdftex.def)             Requested size: 434.13515pt x 228.16615pt.

Overfull \hbox (7.3438pt too wide) in paragraph at lines 56--57
 [][] 
 []

LaTeX Font Info:    Try loading font information for OT1+phv on input line 57.
("D:\ProgramFiles\MikTex 2.9\tex\latex\psnfss\ot1phv.fd"
File: ot1phv.fd 2001/06/04 scalable font definitions for OT1/phv.
)
LaTeX Font Info:    Font shape `OT1/phv/bx/n' in size <10> not available
(Font)              Font shape `OT1/phv/b/n' tried instead on input line 57.
LaTeX Font Info:    Font shape `OT1/phv/bx/it' in size <10> not available
(Font)              Font shape `OT1/phv/b/it' tried instead on input line 57.
LaTeX Font Info:    Font shape `OT1/phv/b/it' in size <10> not available
(Font)              Font shape `OT1/phv/b/sl' tried instead on input line 57.
LaTeX Font Info:    Try loading font information for OMS+ptm on input line 66.

("D:\ProgramFiles\MikTex 2.9\tex\latex\psnfss\omsptm.fd"
File: omsptm.fd 
)
LaTeX Font Info:    Font shape `OMS/ptm/m/n' in size <12> not available
(Font)              Font shape `OMS/cmsy/m/n' tried instead on input line 66.
 [1

{C:/ProgramData/MiKTeX/2.9/pdftex/config/pdftex.map} <D:/libs/ipgm/samples/itsp
ic/paper/sbc/images/s_plant.png>] <images/P_shot0_m.png, id=90, 179.92218pt x 3
38.76563pt>
File: images/P_shot0_m.png Graphic file (type png)

<use images/P_shot0_m.png>
Package pdftex.def Info: images/P_shot0_m.png used on input line 74.
(pdftex.def)             Requested size: 179.92174pt x 338.76479pt.
 [2 <D:/libs/ipgm/samples/itspic/paper/sbc/images/P_shot0_m.png>] <images/P_sho
t1_m.png, id=98, 227.34938pt x 237.88875pt>
File: images/P_shot1_m.png Graphic file (type png)

<use images/P_shot1_m.png>
Package pdftex.def Info: images/P_shot1_m.png used on input line 95.
(pdftex.def)             Requested size: 227.34882pt x 237.88815pt.

<images/P_shot2_m.png, id=100, 216.81pt x 326.72063pt>
File: images/P_shot2_m.png Graphic file (type png)

<use images/P_shot2_m.png>
Package pdftex.def Info: images/P_shot2_m.png used on input line 106.
(pdftex.def)             Requested size: 216.80946pt x 326.71982pt.

<images/P_shot3_m.png, id=102, 143.78719pt x 209.28188pt>
File: images/P_shot3_m.png Graphic file (type png)

<use images/P_shot3_m.png>
Package pdftex.def Info: images/P_shot3_m.png used on input line 115.
(pdftex.def)             Requested size: 143.78683pt x 209.28134pt.
 [3 <D:/libs/ipgm/samples/itspic/paper/sbc/images/P_shot1_m.png>] <images/AP_IN
PUT_BOX.png, id=116, 332.03293pt x 197.71982pt>
File: images/AP_INPUT_BOX.png Graphic file (type png)

<use images/AP_INPUT_BOX.png>
Package pdftex.def Info: images/AP_INPUT_BOX.png used on input line 133.
(pdftex.def)             Requested size: 332.0321pt x 197.71931pt.
 [4 <D:/libs/ipgm/samples/itspic/paper/sbc/images/P_shot2_m.png>]
<images/AP_RETRACTABLE_FLOOR.png, id=126, 270.6716pt x 342.9416pt>
File: images/AP_RETRACTABLE_FLOOR.png Graphic file (type png)

<use images/AP_RETRACTABLE_FLOOR.png>
Package pdftex.def Info: images/AP_RETRACTABLE_FLOOR.png used on input line 142
.
(pdftex.def)             Requested size: 270.67093pt x 342.94077pt.

Underfull \hbox (badness 10000) in paragraph at lines 143--143
 \OT1/phv/b/n/10 Figure 7. []a) Parte orig-i-nal da planta. b) Mod-elo de plant
a 
 []

<images/AP_ELEVATOR.png, id=128, 440.63127pt x 313.34978pt>
File: images/AP_ELEVATOR.png Graphic file (type png)

<use images/AP_ELEVATOR.png>
Package pdftex.def Info: images/AP_ELEVATOR.png used on input line 151.
(pdftex.def)             Requested size: 440.63019pt x 313.349pt.

Overfull \hbox (13.83884pt too wide) in paragraph at lines 151--152
 [][] 
 []

<images/AP_BOX_FITTER.png, id=131, 265.21727pt x 272.03519pt>
File: images/AP_BOX_FITTER.png Graphic file (type png)

<use images/AP_BOX_FITTER.png>
Package pdftex.def Info: images/AP_BOX_FITTER.png used on input line 160.
(pdftex.def)             Requested size: 265.21661pt x 272.03452pt.

<images/AP_INPUT_PALLET.png, id=132, 265.21727pt x 169.08453pt>
File: images/AP_INPUT_PALLET.png Graphic file (type png)

<use images/AP_INPUT_PALLET.png>
Package pdftex.def Info: images/AP_INPUT_PALLET.png used on input line 167.
(pdftex.def)             Requested size: 265.21661pt x 169.0841pt.

<images/E_IPALLET_ELEVATOR.png, id=137, 280.79906pt x 202.50656pt>
File: images/E_IPALLET_ELEVATOR.png Graphic file (type png)

<use images/E_IPALLET_ELEVATOR.png>
Package pdftex.def Info: images/E_IPALLET_ELEVATOR.png used on input line 202.
(pdftex.def)             Requested size: 280.79837pt x 202.50604pt.

<images/E_FITTER_FLOOR.png, id=138, 258.9675pt x 182.18062pt>
File: images/E_FITTER_FLOOR.png Graphic file (type png)

<use images/E_FITTER_FLOOR.png>
Package pdftex.def Info: images/E_FITTER_FLOOR.png used on input line 209.
(pdftex.def)             Requested size: 258.96684pt x 182.18016pt.

<images/E_ELEVATOR_FITTER.png, id=139, 345.54094pt x 258.9675pt>
File: images/E_ELEVATOR_FITTER.png Graphic file (type png)

<use images/E_ELEVATOR_FITTER.png>
Package pdftex.def Info: images/E_ELEVATOR_FITTER.png used on input line 216.
(pdftex.def)             Requested size: 345.54008pt x 258.96684pt.

<images/E_IBOX_FLOOR.png, id=140, 254.45062pt x 67.75313pt>
File: images/E_IBOX_FLOOR.png Graphic file (type png)

<use images/E_IBOX_FLOOR.png>
Package pdftex.def Info: images/E_IBOX_FLOOR.png used on input line 223.
(pdftex.def)             Requested size: 254.45pt x 67.75294pt.
 [5 <D:/libs/ipgm/samples/itspic/paper/sbc/images/P_shot3_m.png>]
Underfull \hbox (badness 3590) in paragraph at lines 235--236
[]$\OML/cmm/m/it/12 SpecsTotal \OMS/cmsy/m/n/12   [] k [] k$
 []

LaTeX Font Info:    Font shape `OT1/ptm/bx/n' in size <8> not available
(Font)              Font shape `OT1/ptm/b/n' tried instead on input line 267.

Overfull \hbox (22.04553pt too wide) in paragraph at lines 264--276
 [][] 
 []

LaTeX Font Info:    Font shape `OT1/ptm/bx/n' in size <10> not available
(Font)              Font shape `OT1/ptm/b/n' tried instead on input line 281.

Overfull \hbox (44.10034pt too wide) in paragraph at lines 285--286
[]$\OML/cmm/m/it/10 SUP[]IPALLET[]ELEVATOR \OMS/cmsy/m/n/10   \OML/cmm/m/it/10 
supcon\OT1/cmr/m/n/10 ([]\OML/cmm/m/it/10 ; K[]IPALLET[]ELEVATOR\OT1/cmr/m/n/10
 )$ 
 []


Overfull \hbox (25.77455pt too wide) in paragraph at lines 287--288
[]$\OML/cmm/m/it/10 SUP[]ELEVATOR[]FITTER \OMS/cmsy/m/n/10   \OML/cmm/m/it/10 s
upcon\OT1/cmr/m/n/10 ([]\OML/cmm/m/it/10 ; K[]ELEVATOR[]FITTER\OT1/cmr/m/n/10 )
$ 
 []

[6 <D:/libs/ipgm/samples/itspic/paper/sbc/images/AP_INPUT_BOX.png>] [7 <D:/libs
/ipgm/samples/itspic/paper/sbc/images/AP_RETRACTABLE_FLOOR.png>]
<images/Diagram1.png, id=206, 257.11443pt x 266.14818pt>
File: images/Diagram1.png Graphic file (type png)

<use images/Diagram1.png>
Package pdftex.def Info: images/Diagram1.png used on input line 316.
(pdftex.def)             Requested size: 257.11378pt x 266.14752pt.
 [8 <D:/libs/ipgm/samples/itspic/paper/sbc/images/AP_ELEVATOR.png>] <images/CD0
1.png, id=216, 467.21028pt x 445.83464pt>
File: images/CD01.png Graphic file (type png)

<use images/CD01.png>
Package pdftex.def Info: images/CD01.png used on input line 332.
(pdftex.def)             Requested size: 467.20914pt x 445.83354pt.

Overfull \hbox (40.41779pt too wide) in paragraph at lines 332--333
 [][] 
 []

[9 <D:/libs/ipgm/samples/itspic/paper/sbc/images/AP_BOX_FITTER.png>] [10 <D:/li
bs/ipgm/samples/itspic/paper/sbc/images/AP_INPUT_PALLET.png> <D:/libs/ipgm/samp
les/itspic/paper/sbc/images/E_IPALLET_ELEVATOR.png>]
<images/pic_main_flow.png, id=237, 464.19577pt x 279.35135pt>
File: images/pic_main_flow.png Graphic file (type png)

<use images/pic_main_flow.png>
Package pdftex.def Info: images/pic_main_flow.png used on input line 363.
(pdftex.def)             Requested size: 464.19464pt x 279.35065pt.

Overfull \hbox (37.40329pt too wide) in paragraph at lines 363--364
 [][] 
 []


Underfull \hbox (badness 10000) in paragraph at lines 371--371
[][][]\OT1/ptm/m/n/10 Dispon[]vel em: []$\OT1/pcr/m/n/10 http : / / www . micr
ochip . com / pagehandler / en _ us / devtools /$
 []

<images/pic_control.png, id=241, 464.19577pt x 304.36789pt>
File: images/pic_control.png Graphic file (type png)

<use images/pic_control.png>
Package pdftex.def Info: images/pic_control.png used on input line 374.
(pdftex.def)             Requested size: 464.19464pt x 304.36713pt.

Overfull \hbox (37.40329pt too wide) in paragraph at lines 374--375
 [][] 
 []


Underfull \hbox (badness 10000) in paragraph at lines 379--380
[]\OT1/ptm/m/n/12 As fun[][]oes \OT1/ptm/m/it/12 sup[]response[]step\OT1/ptm/m/
n/12 , \OT1/ptm/m/it/12 sup[]des[]step\OT1/ptm/m/n/12 , \OT1/ptm/m/it/12 sup[]d
ecisions[]step \OT1/ptm/m/n/12 e
 []


Underfull \hbox (badness 2181) in paragraph at lines 379--380
\OT1/ptm/m/it/12 sup[]advance[]step \OT1/ptm/m/n/12 da Figura []17[] s[]ao ger-
adas au-to-mati-ca-mente, en-quanto o resto,
 []

[11 <D:/libs/ipgm/samples/itspic/paper/sbc/images/E_FITTER_FLOOR.png>] [12 <D:/
libs/ipgm/samples/itspic/paper/sbc/images/E_ELEVATOR_FITTER.png> <D:/libs/ipgm/
samples/itspic/paper/sbc/images/E_IBOX_FLOOR.png>]
Package atveryend Info: Empty hook `BeforeClearDocument' on input line 400.
 [13 <D:/libs/ipgm/samples/itspic/paper/sbc/images/Diagram1.png>] [14 <D:/libs/
ipgm/samples/itspic/paper/sbc/images/CD01.png>] [15 <D:/libs/ipgm/samples/itspi
c/paper/sbc/images/pic_main_flow.png> <D:/libs/ipgm/samples/itspic/paper/sbc/im
ages/pic_control.png>]
Package atveryend Info: Empty hook `AfterLastShipout' on input line 400.

(D:\libs\ipgm\samples\itspic\paper\sbc\cased_itspic.aux)
Package atveryend Info: Executing hook `AtVeryEndDocument' on input line 400.
Package atveryend Info: Executing hook `AtEndAfterFileList' on input line 400.
Package rerunfilecheck Info: File `cased_itspic.out' has not changed.
(rerunfilecheck)             Checksum: 4BF7A68C1BEACE2DE9D87C8D7066A7FA;1033.
 ) 
Here is how much of TeX's memory you used:
 6107 strings out of 494045
 89956 string characters out of 3148781
 186678 words of memory out of 3000000
 9239 multiletter control sequences out of 15000+200000
 29178 words of font info for 55 fonts, out of 3000000 for 9000
 715 hyphenation exceptions out of 8191
 30i,11n,31p,948b,422s stack positions out of 5000i,500n,10000p,200000b,50000s
{D:/ProgramFiles/MikTex 2.9/fonts/enc/dvips/fontname/8r.enc}<D:/ProgramFiles/
MikTex 2.9/fonts/type1/public/amsfonts/cm/cmmi10.pfb><D:/ProgramFiles/MikTex 2.
9/fonts/type1/public/amsfonts/cm/cmmi12.pfb><D:/ProgramFiles/MikTex 2.9/fonts/t
ype1/public/amsfonts/cm/cmr10.pfb><D:/ProgramFiles/MikTex 2.9/fonts/type1/publi
c/amsfonts/cm/cmr12.pfb><D:/ProgramFiles/MikTex 2.9/fonts/type1/public/amsfonts
/cm/cmr8.pfb><D:/ProgramFiles/MikTex 2.9/fonts/type1/public/amsfonts/cm/cmsy10.
pfb><D:/ProgramFiles/MikTex 2.9/fonts/type1/urw/courier/ucrr8a.pfb><D:/ProgramF
iles/MikTex 2.9/fonts/type1/urw/helvetic/uhvb8a.pfb><D:/ProgramFiles/MikTex 2.9
/fonts/type1/urw/helvetic/uhvbo8a.pfb><D:/ProgramFiles/MikTex 2.9/fonts/type1/u
rw/times/utmb8a.pfb><D:/ProgramFiles/MikTex 2.9/fonts/type1/urw/times/utmr8a.pf
b><D:/ProgramFiles/MikTex 2.9/fonts/type1/urw/times/utmri8a.pfb>
Output written on cased_itspic.pdf (15 pages, 1206701 bytes).
PDF statistics:
 335 PDF objects out of 1000 (max. 8388607)
 81 named destinations out of 1000 (max. 500000)
 219 words of extra memory for PDF output out of 10000 (max. 10000000)

